Running: /home/adodas/anaconda3/bin/python /home/adodas/CCAC/txy/scripts/train_stagewise_v41.py --dataset-path /home/adodas/dataset_ccac --output-dir artifacts/ablations/v4a --loss-mode ce_only --kd-weight 0.0 --ordinal-weight 0.0 --device cuda
{"fold": 1, "val_class_dist": {"正常": 183, "轻度": 5, "中度": 27, "重度": 6, "非常严重": 12}}
{"fold": 2, "val_class_dist": {"正常": 299, "轻度": 20, "中度": 47, "重度": 15, "非常严重": 12}}
{"fold": 3, "val_class_dist": {"正常": 189, "轻度": 7, "中度": 17, "重度": 5, "非常严重": 2}}
{"fold": 4, "val_class_dist": {"正常": 286, "轻度": 14, "中度": 36, "重度": 10, "非常严重": 18}}
{"fold": 5, "val_class_dist": {"正常": 212, "轻度": 12, "中度": 59, "重度": 18, "非常严重": 16}}
{
  "model_kind": "stagewise_v41",
  "config": {
    "dataset_path": "/home/adodas/dataset_ccac",
    "output_dir": "/home/adodas/CCAC/txy/artifacts/ablations/v4a",
    "audio_feature_name": "audio_wavlm_base",
    "video_feature_name": "video_dinov2_small",
    "target_label_column": "t4_anxiety_level",
    "hidden_dim": 256,
    "temporal_hidden_dim": 192,
    "dropout": 0.3,
    "learning_rate": 0.0003,
    "weight_decay": 0.0005,
    "class_weight_power": 0.75,
    "label_smoothing": 0.0,
    "batch_size": 32,
    "epochs": 40,
    "patience": 8,
    "warmup_epochs": 1,
    "num_folds": 5,
    "num_workers": 0,
    "seed": 42,
    "device": "cuda",
    "feature_cache": true,
    "group_by": "school_class",
    "stage_drop_prob": 0.1,
    "clip_drop_prob": 0.05,
    "feature_noise_std": 0.01,
    "checkpoint_metric": "macro_f1",
    "calibrate_bias": true,
    "kd_temperature": 2.0,
    "kd_weight": 0.0,
    "ordinal_weight": 0.0,
    "ce_weight": 1.0,
    "loss_mode": "ce_only",
    "use_balanced_sampler": true,
    "teacher_w_v3": 0.5,
    "teacher_w_baseline": 0.3,
    "teacher_w_tabular": 0.2,
    "baseline_oof": "artifacts/baseline_ordinal/oof_predictions.csv",
    "v3_oof": "artifacts/residual_v3/oof_predictions.csv",
    "tabular_oof": "artifacts/history_tabular/oof_predictions.csv"
  },
  "overall_oof_metrics": {
    "accuracy": 0.6293385723641126,
    "balanced_accuracy": 0.2799928518406801,
    "macro_f1": 0.2605649137125972,
    "weighted_f1": 0.6517468309499801,
    "min_class_f1": 0.021739130434782608
  },
  "fold_metrics_mean": {
    "fold": 3.0,
    "best_epoch": 11.0,
    "accuracy": 0.6546742900712577,
    "balanced_accuracy": 0.2809899071608112,
    "macro_f1": 0.2608275770181291,
    "weighted_f1": 0.6597673230627069,
    "min_class_f1": 0.016666666666666666,
    "calibrated_accuracy": 0.6434896720536045,
    "calibrated_balanced_accuracy": 0.26827708135136963,
    "calibrated_macro_f1": 0.24218306304339912,
    "calibrated_weighted_f1": 0.6581026050338625,
    "calibrated_min_class_f1": 0.013793103448275862
  }
}
Running: /home/adodas/anaconda3/bin/python /home/adodas/CCAC/txy/scripts/train_stagewise_v41.py --dataset-path /home/adodas/dataset_ccac --output-dir artifacts/ablations/v4b --loss-mode ce_kd --kd-weight 0.5 --ordinal-weight 0.0 --device cuda
{"fold": 1, "val_class_dist": {"正常": 183, "轻度": 5, "中度": 27, "重度": 6, "非常严重": 12}}
{"fold": 2, "val_class_dist": {"正常": 299, "轻度": 20, "中度": 47, "重度": 15, "非常严重": 12}}
{"fold": 3, "val_class_dist": {"正常": 189, "轻度": 7, "中度": 17, "重度": 5, "非常严重": 2}}
{"fold": 4, "val_class_dist": {"正常": 286, "轻度": 14, "中度": 36, "重度": 10, "非常严重": 18}}
{"fold": 5, "val_class_dist": {"正常": 212, "轻度": 12, "中度": 59, "重度": 18, "非常严重": 16}}
{
  "model_kind": "stagewise_v41",
  "config": {
    "dataset_path": "/home/adodas/dataset_ccac",
    "output_dir": "/home/adodas/CCAC/txy/artifacts/ablations/v4b",
    "audio_feature_name": "audio_wavlm_base",
    "video_feature_name": "video_dinov2_small",
    "target_label_column": "t4_anxiety_level",
    "hidden_dim": 256,
    "temporal_hidden_dim": 192,
    "dropout": 0.3,
    "learning_rate": 0.0003,
    "weight_decay": 0.0005,
    "class_weight_power": 0.75,
    "label_smoothing": 0.0,
    "batch_size": 32,
    "epochs": 40,
    "patience": 8,
    "warmup_epochs": 1,
    "num_folds": 5,
    "num_workers": 0,
    "seed": 42,
    "device": "cuda",
    "feature_cache": true,
    "group_by": "school_class",
    "stage_drop_prob": 0.1,
    "clip_drop_prob": 0.05,
    "feature_noise_std": 0.01,
    "checkpoint_metric": "macro_f1",
    "calibrate_bias": true,
    "kd_temperature": 2.0,
    "kd_weight": 0.5,
    "ordinal_weight": 0.0,
    "ce_weight": 1.0,
    "loss_mode": "ce_kd",
    "use_balanced_sampler": true,
    "teacher_w_v3": 0.5,
    "teacher_w_baseline": 0.3,
    "teacher_w_tabular": 0.2,
    "baseline_oof": "artifacts/baseline_ordinal/oof_predictions.csv",
    "v3_oof": "artifacts/residual_v3/oof_predictions.csv",
    "tabular_oof": "artifacts/history_tabular/oof_predictions.csv"
  },
  "overall_oof_metrics": {
    "accuracy": 0.6994106090373281,
    "balanced_accuracy": 0.31342195986577964,
    "macro_f1": 0.31499700215196297,
    "weighted_f1": 0.6940148303892392,
    "min_class_f1": 0.11904761904761904
  },
  "fold_metrics_mean": {
    "fold": 3.0,
    "best_epoch": 4.4,
    "accuracy": 0.7250484555656216,
    "balanced_accuracy": 0.26526837311349916,
    "macro_f1": 0.25945110763570506,
    "weighted_f1": 0.7026344774294359,
    "min_class_f1": 0.0,
    "calibrated_accuracy": 0.7148301922894212,
    "calibrated_balanced_accuracy": 0.30157584725689046,
    "calibrated_macro_f1": 0.2985166004425116,
    "calibrated_weighted_f1": 0.7033036227359576,
    "calibrated_min_class_f1": 0.046236559139784944
  }
}
Running: /home/adodas/anaconda3/bin/python /home/adodas/CCAC/txy/scripts/train_stagewise_v41.py --dataset-path /home/adodas/dataset_ccac --output-dir artifacts/ablations/v4c --loss-mode ce_ordinal --kd-weight 0.0 --ordinal-weight 0.2 --device cuda
{"fold": 1, "val_class_dist": {"正常": 183, "轻度": 5, "中度": 27, "重度": 6, "非常严重": 12}}
{"fold": 2, "val_class_dist": {"正常": 299, "轻度": 20, "中度": 47, "重度": 15, "非常严重": 12}}
{"fold": 3, "val_class_dist": {"正常": 189, "轻度": 7, "中度": 17, "重度": 5, "非常严重": 2}}
{"fold": 4, "val_class_dist": {"正常": 286, "轻度": 14, "中度": 36, "重度": 10, "非常严重": 18}}
{"fold": 5, "val_class_dist": {"正常": 212, "轻度": 12, "中度": 59, "重度": 18, "非常严重": 16}}
{
  "model_kind": "stagewise_v41",
  "config": {
    "dataset_path": "/home/adodas/dataset_ccac",
    "output_dir": "/home/adodas/CCAC/txy/artifacts/ablations/v4c",
    "audio_feature_name": "audio_wavlm_base",
    "video_feature_name": "video_dinov2_small",
    "target_label_column": "t4_anxiety_level",
    "hidden_dim": 256,
    "temporal_hidden_dim": 192,
    "dropout": 0.3,
    "learning_rate": 0.0003,
    "weight_decay": 0.0005,
    "class_weight_power": 0.75,
    "label_smoothing": 0.0,
    "batch_size": 32,
    "epochs": 40,
    "patience": 8,
    "warmup_epochs": 1,
    "num_folds": 5,
    "num_workers": 0,
    "seed": 42,
    "device": "cuda",
    "feature_cache": true,
    "group_by": "school_class",
    "stage_drop_prob": 0.1,
    "clip_drop_prob": 0.05,
    "feature_noise_std": 0.01,
    "checkpoint_metric": "macro_f1",
    "calibrate_bias": true,
    "kd_temperature": 2.0,
    "kd_weight": 0.0,
    "ordinal_weight": 0.2,
    "ce_weight": 1.0,
    "loss_mode": "ce_ordinal",
    "use_balanced_sampler": true,
    "teacher_w_v3": 0.5,
    "teacher_w_baseline": 0.3,
    "teacher_w_tabular": 0.2,
    "baseline_oof": "artifacts/baseline_ordinal/oof_predictions.csv",
    "v3_oof": "artifacts/residual_v3/oof_predictions.csv",
    "tabular_oof": "artifacts/history_tabular/oof_predictions.csv"
  },
  "overall_oof_metrics": {
    "accuracy": 0.6529142108709889,
    "balanced_accuracy": 0.286296042553028,
    "macro_f1": 0.27768629385967564,
    "weighted_f1": 0.6659798882120641,
    "min_class_f1": 0.037037037037037035
  },
  "fold_metrics_mean": {
    "fold": 3.0,
    "best_epoch": 9.0,
    "accuracy": 0.6173790334194058,
    "balanced_accuracy": 0.27702030168816955,
    "macro_f1": 0.2529151899119677,
    "weighted_f1": 0.6416468468400895,
    "min_class_f1": 0.02750582750582751,
    "calibrated_accuracy": 0.6641112238307745,
    "calibrated_balanced_accuracy": 0.27660046527143795,
    "calibrated_macro_f1": 0.2590222424706239,
    "calibrated_weighted_f1": 0.6723969163534882,
    "calibrated_min_class_f1": 0.019047619047619046
  }
}
Running: /home/adodas/anaconda3/bin/python /home/adodas/CCAC/txy/scripts/train_stagewise_v41.py --dataset-path /home/adodas/dataset_ccac --output-dir artifacts/ablations/v4d --loss-mode ce_kd_ordinal --kd-weight 0.5 --ordinal-weight 0.2 --device cuda
{"fold": 1, "val_class_dist": {"正常": 183, "轻度": 5, "中度": 27, "重度": 6, "非常严重": 12}}
{"fold": 2, "val_class_dist": {"正常": 299, "轻度": 20, "中度": 47, "重度": 15, "非常严重": 12}}
{"fold": 3, "val_class_dist": {"正常": 189, "轻度": 7, "中度": 17, "重度": 5, "非常严重": 2}}
{"fold": 4, "val_class_dist": {"正常": 286, "轻度": 14, "中度": 36, "重度": 10, "非常严重": 18}}
{"fold": 5, "val_class_dist": {"正常": 212, "轻度": 12, "中度": 59, "重度": 18, "非常严重": 16}}
{
  "model_kind": "stagewise_v41",
  "config": {
    "dataset_path": "/home/adodas/dataset_ccac",
    "output_dir": "/home/adodas/CCAC/txy/artifacts/ablations/v4d",
    "audio_feature_name": "audio_wavlm_base",
    "video_feature_name": "video_dinov2_small",
    "target_label_column": "t4_anxiety_level",
    "hidden_dim": 256,
    "temporal_hidden_dim": 192,
    "dropout": 0.3,
    "learning_rate": 0.0003,
    "weight_decay": 0.0005,
    "class_weight_power": 0.75,
    "label_smoothing": 0.0,
    "batch_size": 32,
    "epochs": 40,
    "patience": 8,
    "warmup_epochs": 1,
    "num_folds": 5,
    "num_workers": 0,
    "seed": 42,
    "device": "cuda",
    "feature_cache": true,
    "group_by": "school_class",
    "stage_drop_prob": 0.1,
    "clip_drop_prob": 0.05,
    "feature_noise_std": 0.01,
    "checkpoint_metric": "macro_f1",
    "calibrate_bias": true,
    "kd_temperature": 2.0,
    "kd_weight": 0.5,
    "ordinal_weight": 0.2,
    "ce_weight": 1.0,
    "loss_mode": "ce_kd_ordinal",
    "use_balanced_sampler": true,
    "teacher_w_v3": 0.5,
    "teacher_w_baseline": 0.3,
    "teacher_w_tabular": 0.2,
    "baseline_oof": "artifacts/baseline_ordinal/oof_predictions.csv",
    "v3_oof": "artifacts/residual_v3/oof_predictions.csv",
    "tabular_oof": "artifacts/history_tabular/oof_predictions.csv"
  },
  "overall_oof_metrics": {
    "accuracy": 0.6882776686313032,
    "balanced_accuracy": 0.30274740770414604,
    "macro_f1": 0.29880715644567596,
    "weighted_f1": 0.6851793785184309,
    "min_class_f1": 0.07692307692307693
  },
  "fold_metrics_mean": {
    "fold": 3.0,
    "best_epoch": 4.4,
    "accuracy": 0.7251264338946959,
    "balanced_accuracy": 0.2647229156205961,
    "macro_f1": 0.2595959851100624,
    "weighted_f1": 0.7026540272187312,
    "min_class_f1": 0.0,
    "calibrated_accuracy": 0.7041051089883398,
    "calibrated_balanced_accuracy": 0.2941941277775203,
    "calibrated_macro_f1": 0.28493721029962427,
    "calibrated_weighted_f1": 0.6948351858925794,
    "calibrated_min_class_f1": 0.02692307692307692
  }
}
{
  "v4a": {
    "accuracy": 0.6293385723641126,
    "balanced_accuracy": 0.2799928518406801,
    "macro_f1": 0.2605649137125972,
    "weighted_f1": 0.6517468309499801,
    "min_class_f1": 0.021739130434782608
  },
  "v4b": {
    "accuracy": 0.6994106090373281,
    "balanced_accuracy": 0.31342195986577964,
    "macro_f1": 0.31499700215196297,
    "weighted_f1": 0.6940148303892392,
    "min_class_f1": 0.11904761904761904
  },
  "v4c": {
    "accuracy": 0.6529142108709889,
    "balanced_accuracy": 0.286296042553028,
    "macro_f1": 0.27768629385967564,
    "weighted_f1": 0.6659798882120641,
    "min_class_f1": 0.037037037037037035
  },
  "v4d": {
    "accuracy": 0.6882776686313032,
    "balanced_accuracy": 0.30274740770414604,
    "macro_f1": 0.29880715644567596,
    "weighted_f1": 0.6851793785184309,
    "min_class_f1": 0.07692307692307693
  }
}
